<?xml version="1.0" encoding="UTF-8"?>
<!-- Generated by org.testng.reporters.JUnitReportReporter -->
<testsuite skipped="0" hostname="BLR-AL-G7MLMQ2" name="demo_allegion_us.Brocken_Img_and_Links" tests="1" failures="0" timestamp="21 Aug 2019 10:20:05 GMT" time="87.372" errors="0">
  <testcase name="test_broken_links" time="87.372" classname="demo_allegion_us.Brocken_Img_and_Links"/>
</testsuite> <!-- demo_allegion_us.Brocken_Img_and_Links -->
